2025-08-25 09:41:08,025 INFO  [org.jboss.modules] (main) JBoss Modules version 2.1.6.Final
2025-08-25 09:41:08,226 INFO  [org.jboss.msc] (main) JBoss MSC version 1.5.5.Final
2025-08-25 09:41:08,229 INFO  [org.jboss.threads] (main) JBoss Threads version 2.4.0.Final
2025-08-25 09:41:08,264 INFO  [org.jboss.as] (MSC service thread 1-2) WFLYSRV0049: WildFly 36.0.1.Final (WildFly Core 28.0.1.Final) starting
2025-08-25 09:41:08,264 DEBUG [org.jboss.as.config] (MSC service thread 1-2) Configured system properties:
	[Standalone] = 
	file.encoding = UTF-8
	file.separator = /
	ftp.nonProxyHosts = local|*.local|169.254/16|*.169.254/16
	http.nonProxyHosts = local|*.local|169.254/16|*.169.254/16
	java.awt.headless = true
	java.class.path = /Users/loicnoel/IdeaProjects/typologies/apps/backend/target/server/jboss-modules.jar
	java.class.version = 61.0
	java.home = /opt/homebrew/Cellar/openjdk@17/17.0.14/libexec/openjdk.jdk/Contents/Home
	java.io.tmpdir = /var/folders/4w/2_b6dvzn2m7gfvc_8s5rzfh00000gn/T/
	java.library.path = /Users/loicnoel/Library/Java/Extensions:/Library/Java/Extensions:/Network/Library/Java/Extensions:/System/Library/Java/Extensions:/usr/lib/java:.
	java.net.preferIPv4Stack = true
	java.runtime.name = OpenJDK Runtime Environment
	java.runtime.version = 17.0.14+0
	java.specification.maintenance.version = 1
	java.specification.name = Java Platform API Specification
	java.specification.vendor = Oracle Corporation
	java.specification.version = 17
	java.util.logging.manager = org.jboss.logmanager.LogManager
	java.vendor = Homebrew
	java.vendor.url = https://github.com/Homebrew/homebrew-core/issues
	java.vendor.url.bug = https://github.com/Homebrew/homebrew-core/issues
	java.vendor.version = Homebrew
	java.version = 17.0.14
	java.version.date = 2025-01-21
	java.vm.compressedOopsMode = Zero based
	java.vm.info = mixed mode, sharing
	java.vm.name = OpenJDK 64-Bit Server VM
	java.vm.specification.name = Java Virtual Machine Specification
	java.vm.specification.vendor = Oracle Corporation
	java.vm.specification.version = 17
	java.vm.vendor = Homebrew
	java.vm.version = 17.0.14+0
	javax.management.builder.initial = org.jboss.as.jmx.PluggableMBeanServerBuilder
	jboss.home.dir = /Users/loicnoel/IdeaProjects/typologies/apps/backend/target/server
	jboss.host.name = macbook-pro-de-loic
	jboss.modules.system.pkgs = org.jboss.byteman
	jboss.node.name = macbook-pro-de-loic
	jboss.qualified.host.name = macbook-pro-de-loic.home
	jboss.server.base.dir = /Users/loicnoel/IdeaProjects/typologies/apps/backend/target/server/standalone
	jboss.server.config.dir = /Users/loicnoel/IdeaProjects/typologies/apps/backend/target/server/standalone/configuration
	jboss.server.data.dir = /Users/loicnoel/IdeaProjects/typologies/apps/backend/target/server/standalone/data
	jboss.server.log.dir = /Users/loicnoel/IdeaProjects/typologies/apps/backend/target/server/standalone/log
	jboss.server.name = macbook-pro-de-loic
	jboss.server.persist.config = true
	jboss.server.temp.dir = /Users/loicnoel/IdeaProjects/typologies/apps/backend/target/server/standalone/tmp
	jdk.debug = release
	jdk.serialFilter = maxbytes=10485760;maxdepth=128;maxarray=100000;maxrefs=300000
	line.separator = 

	logging.configuration = file:/Users/loicnoel/IdeaProjects/typologies/apps/backend/target/server/standalone/configuration/logging.properties
	module.path = /Users/loicnoel/IdeaProjects/typologies/apps/backend/target/server/modules
	native.encoding = UTF-8
	org.jboss.boot.log.file = /Users/loicnoel/IdeaProjects/typologies/apps/backend/target/server/standalone/log/server.log
	org.jboss.resolver.warning = true
	os.arch = aarch64
	os.name = Mac OS X
	os.version = 15.6
	path.separator = :
	socksNonProxyHosts = local|*.local|169.254/16|*.169.254/16
	sun.arch.data.model = 64
	sun.boot.library.path = /opt/homebrew/Cellar/openjdk@17/17.0.14/libexec/openjdk.jdk/Contents/Home/lib
	sun.cpu.endian = little
	sun.io.unicode.encoding = UnicodeBig
	sun.java.command = /Users/loicnoel/IdeaProjects/typologies/apps/backend/target/server/jboss-modules.jar -mp /Users/loicnoel/IdeaProjects/typologies/apps/backend/target/server/modules org.jboss.as.standalone -Djboss.home.dir=/Users/loicnoel/IdeaProjects/typologies/apps/backend/target/server -Djboss.server.base.dir=/Users/loicnoel/IdeaProjects/typologies/apps/backend/target/server/standalone
	sun.java.launcher = SUN_STANDARD
	sun.jnu.encoding = UTF-8
	sun.management.compiler = HotSpot 64-Bit Tiered Compilers
	sun.stderr.encoding = UTF-8
	sun.stdout.encoding = UTF-8
	user.country = RE
	user.dir = /Users/loicnoel/IdeaProjects/typologies/apps/backend
	user.home = /Users/loicnoel
	user.language = fr
	user.name = loicnoel
	user.timezone = Indian/Reunion
2025-08-25 09:41:08,265 DEBUG [org.jboss.as.config] (MSC service thread 1-2) VM Arguments: -D[Standalone] -Djdk.serialFilter=maxbytes=10485760;maxdepth=128;maxarray=100000;maxrefs=300000 -Xms64m -Xmx512m -Djava.net.preferIPv4Stack=true -Djboss.modules.system.pkgs=org.jboss.byteman -Djava.awt.headless=true --add-exports=java.desktop/sun.awt=ALL-UNNAMED --add-exports=java.naming/com.sun.jndi.ldap=ALL-UNNAMED --add-exports=java.naming/com.sun.jndi.url.ldap=ALL-UNNAMED --add-exports=java.naming/com.sun.jndi.url.ldaps=ALL-UNNAMED --add-exports=jdk.naming.dns/com.sun.jndi.dns=ALL-UNNAMED --add-opens=java.base/java.lang=ALL-UNNAMED --add-opens=java.base/java.lang.invoke=ALL-UNNAMED --add-opens=java.base/java.lang.reflect=ALL-UNNAMED --add-opens=java.base/java.io=ALL-UNNAMED --add-opens=java.base/java.net=ALL-UNNAMED --add-opens=java.base/java.security=ALL-UNNAMED --add-opens=java.base/java.util=ALL-UNNAMED --add-opens=java.base/java.util.concurrent=ALL-UNNAMED --add-opens=java.management/javax.management=ALL-UNNAMED --add-opens=java.naming/javax.naming=ALL-UNNAMED -Dorg.jboss.boot.log.file=/Users/loicnoel/IdeaProjects/typologies/apps/backend/target/server/standalone/log/server.log -Dlogging.configuration=file:/Users/loicnoel/IdeaProjects/typologies/apps/backend/target/server/standalone/configuration/logging.properties 
2025-08-25 09:41:08,538 INFO  [org.wildfly.security] (Controller Boot Thread) ELY00001: WildFly Elytron version 2.6.4.Final
2025-08-25 09:41:08,709 INFO  [org.jboss.as.repository] (ServerService Thread Pool -- 22) WFLYDR0001: Content added at location /Users/loicnoel/IdeaProjects/typologies/apps/backend/target/server/standalone/data/content/d6/c0bd3359a90bc85788efc063d1b9015c151584/content
2025-08-25 09:41:08,725 INFO  [org.jboss.as.server] (Controller Boot Thread) WFLYSRV0039: Creating http management service using socket-binding (management-http)
2025-08-25 09:41:08,734 INFO  [org.xnio] (MSC service thread 1-7) XNIO version 3.8.16.Final
2025-08-25 09:41:08,736 INFO  [org.xnio.nio] (MSC service thread 1-7) XNIO NIO Implementation Version 3.8.16.Final
2025-08-25 09:41:08,744 INFO  [org.jboss.as.clustering.infinispan] (ServerService Thread Pool -- 40) WFLYCLINF0001: Activating Infinispan subsystem.
2025-08-25 09:41:08,745 WARN  [org.jboss.as.txn] (ServerService Thread Pool -- 57) WFLYTX0013: The node-identifier attribute on the /subsystem=transactions is set to the default value. This is a danger for environments running multiple servers. Please make sure the attribute value is unique.
2025-08-25 09:41:08,747 INFO  [org.wildfly.extension.microprofile.config.smallrye] (ServerService Thread Pool -- 48) WFLYCONF0001: Activating MicroProfile Config Subsystem
2025-08-25 09:41:08,747 INFO  [org.wildfly.extension.microprofile.telemetry] (ServerService Thread Pool -- 50) WFLYMPTEL0001: Activating MicroProfile Telemetry Subsystem
2025-08-25 09:41:08,747 INFO  [org.wildfly.extension.health] (ServerService Thread Pool -- 39) WFLYHEALTH0001: Activating Base Health Subsystem
2025-08-25 09:41:08,746 INFO  [org.jboss.as.jaxrs] (ServerService Thread Pool -- 42) WFLYRS0016: RESTEasy version 6.2.12.Final
2025-08-25 09:41:08,752 INFO  [org.jboss.as.naming] (ServerService Thread Pool -- 51) WFLYNAM0001: Activating Naming Subsystem
2025-08-25 09:41:08,755 INFO  [org.wildfly.extension.microprofile.health.smallrye] (ServerService Thread Pool -- 49) WFLYMPHEALTH0001: Activating MicroProfile Health Subsystem
2025-08-25 09:41:08,755 INFO  [org.wildfly.extension.io] (ServerService Thread Pool -- 41) WFLYIO001: Worker 'default' has auto-configured to 24 IO threads with 192 max task threads based on your 12 available processors
2025-08-25 09:41:08,757 INFO  [org.wildfly.extension.metrics] (ServerService Thread Pool -- 47) WFLYMETRICS0001: Activating Base Metrics Subsystem
2025-08-25 09:41:08,759 INFO  [org.jboss.as.connector] (MSC service thread 1-5) WFLYJCA0009: Starting Jakarta Connectors Subsystem (WildFly/IronJacamar 3.0.13.Final)
2025-08-25 09:41:08,762 INFO  [org.jboss.as.server.deployment] (MSC service thread 1-4) WFLYSRV0027: Starting deployment of "ROOT.war" (runtime-name: "ROOT.war")
2025-08-25 09:41:08,770 INFO  [org.wildfly.extension.undertow] (MSC service thread 1-1) WFLYUT0003: Undertow 2.3.18.Final starting
2025-08-25 09:41:08,775 INFO  [org.jboss.as.naming] (MSC service thread 1-3) WFLYNAM0003: Starting Naming Service
2025-08-25 09:41:08,783 INFO  [org.jboss.remoting] (MSC service thread 1-8) JBoss Remoting version 5.0.31.Final
2025-08-25 09:41:08,785 WARN  [org.wildfly.extension.elytron] (MSC service thread 1-7) WFLYELY00023: KeyStore file '/Users/loicnoel/IdeaProjects/typologies/apps/backend/target/server/standalone/configuration/application.keystore' does not exist. Used blank.
2025-08-25 09:41:08,799 WARN  [org.wildfly.extension.elytron] (MSC service thread 1-2) WFLYELY01084: KeyStore /Users/loicnoel/IdeaProjects/typologies/apps/backend/target/server/standalone/configuration/application.keystore not found, it will be auto-generated on first use with a self-signed certificate for host localhost
2025-08-25 09:41:08,803 INFO  [org.wildfly.extension.undertow] (MSC service thread 1-7) WFLYUT0012: Started server default-server.
2025-08-25 09:41:08,807 INFO  [org.wildfly.extension.undertow] (MSC service thread 1-2) Queuing requests.
2025-08-25 09:41:08,808 INFO  [org.wildfly.extension.undertow] (MSC service thread 1-2) WFLYUT0018: Host default-host starting
2025-08-25 09:41:08,822 WARN  [org.jboss.as.domain.http.api.undertow] (MSC service thread 1-5) WFLYDMHTTP0003: Unable to load console module for slot main, disabling console
2025-08-25 09:41:08,848 INFO  [org.wildfly.extension.undertow] (MSC service thread 1-3) WFLYUT0006: Undertow HTTP listener default listening on 127.0.0.1:8080
2025-08-25 09:41:08,852 INFO  [org.jboss.as.server.deployment.scanner] (MSC service thread 1-8) WFLYDS0013: Started FileSystemDeploymentService for directory /Users/loicnoel/IdeaProjects/typologies/apps/backend/target/server/standalone/deployments
2025-08-25 09:41:09,097 INFO  [org.jboss.weld.deployer] (MSC service thread 1-6) WFLYWELD0003: Processing weld deployment ROOT.war
2025-08-25 09:41:09,145 INFO  [org.hibernate.validator.internal.util.Version] (MSC service thread 1-6) HV000001: Hibernate Validator 8.0.2.Final
2025-08-25 09:41:09,251 INFO  [org.jboss.weld.Version] (MSC service thread 1-5) WELD-000900: 5.1.5 (Final)
2025-08-25 09:41:09,644 INFO  [org.jboss.resteasy.resteasy_jaxrs.i18n] (ServerService Thread Pool -- 62) RESTEASY002225: Deploying jakarta.ws.rs.core.Application: class com.typologies.api.GettingStartedApplication
2025-08-25 09:41:09,661 INFO  [org.wildfly.extension.undertow] (ServerService Thread Pool -- 62) WFLYUT0021: Registered web context: '/' for server 'default-server'
2025-08-25 09:41:09,666 INFO  [org.wildfly.extension.metrics] (Controller Boot Thread) WFLYMETRICS0006: Additional metrics systems discovered while configuring WildFly Metrics: OpenTelemetry Metrics. Please refer to the documentation for more information.
2025-08-25 09:41:09,682 INFO  [org.jboss.as.server] (ServerService Thread Pool -- 35) WFLYSRV0010: Deployed "ROOT.war" (runtime-name : "ROOT.war")
2025-08-25 09:41:09,695 INFO  [org.jboss.as.server] (Controller Boot Thread) WFLYSRV0212: Resuming server
2025-08-25 09:41:09,697 INFO  [org.jboss.as] (Controller Boot Thread) WFLYSRV0060: Http management interface listening on http://127.0.0.1:9990/management
2025-08-25 09:41:09,697 INFO  [org.jboss.as] (Controller Boot Thread) WFLYSRV0054: Admin console is not enabled
2025-08-25 09:41:09,698 INFO  [org.jboss.as] (Controller Boot Thread) WFLYSRV0025: WildFly 36.0.1.Final (WildFly Core 28.0.1.Final) started in 1859ms - Started 295 of 376 services (146 services are lazy, passive or on-demand) - Server configuration file in use: standalone.xml - Minimum feature stability level: community
2025-08-25 09:41:28,322 INFO  [org.jboss.as.server] (Thread-1) WFLYSRV0272: Suspending server
2025-08-25 09:41:28,326 INFO  [org.jboss.as.server] (Thread-1) WFLYSRV0220: Server shutdown has been requested via an OS signal
2025-08-25 09:41:28,337 INFO  [org.wildfly.extension.undertow] (ServerService Thread Pool -- 62) WFLYUT0022: Unregistered web context: '/' from server 'default-server'
2025-08-25 09:41:28,337 INFO  [org.wildfly.extension.undertow] (MSC service thread 1-1) WFLYUT0008: Undertow HTTP listener default suspending
2025-08-25 09:41:28,339 INFO  [org.wildfly.extension.undertow] (MSC service thread 1-5) WFLYUT0019: Host default-host stopping
2025-08-25 09:41:28,340 INFO  [org.wildfly.extension.undertow] (MSC service thread 1-1) WFLYUT0007: Undertow HTTP listener default stopped, was bound to 127.0.0.1:8080
2025-08-25 09:41:28,352 INFO  [org.wildfly.extension.undertow] (MSC service thread 1-2) WFLYUT0004: Undertow 2.3.18.Final stopping
2025-08-25 09:41:28,363 INFO  [org.jboss.as.server.deployment] (MSC service thread 1-5) WFLYSRV0028: Stopped deployment ROOT.war (runtime-name: ROOT.war) in 29ms
2025-08-25 09:41:28,366 INFO  [org.jboss.as] (MSC service thread 1-5) WFLYSRV0050: WildFly 36.0.1.Final (WildFly Core 28.0.1.Final) stopped in 32ms
2025-08-25 09:41:40,771 INFO  [org.jboss.modules] (main) JBoss Modules version 2.1.6.Final
2025-08-25 09:41:41,013 INFO  [org.jboss.msc] (main) JBoss MSC version 1.5.5.Final
2025-08-25 09:41:41,016 INFO  [org.jboss.threads] (main) JBoss Threads version 2.4.0.Final
2025-08-25 09:41:41,051 INFO  [org.jboss.as] (MSC service thread 1-1) WFLYSRV0049: WildFly 36.0.1.Final (WildFly Core 28.0.1.Final) starting
2025-08-25 09:41:41,051 DEBUG [org.jboss.as.config] (MSC service thread 1-1) Configured system properties:
	[Standalone] = 
	apple.awt.application.name = Main
	file.encoding = UTF-8
	file.separator = /
	ftp.nonProxyHosts = local|*.local|169.254/16|*.169.254/16
	http.nonProxyHosts = local|*.local|169.254/16|*.169.254/16
	java.awt.headless = true
	java.class.path = /Users/loicnoel/IdeaProjects/typologies/apps/backend/target/server/jboss-modules.jar
	java.class.version = 65.0
	java.home = /opt/homebrew/Cellar/openjdk@21/21.0.8/libexec/openjdk.jdk/Contents/Home
	java.io.tmpdir = /var/folders/4w/2_b6dvzn2m7gfvc_8s5rzfh00000gn/T/
	java.library.path = /Users/loicnoel/Library/Java/Extensions:/Library/Java/Extensions:/Network/Library/Java/Extensions:/System/Library/Java/Extensions:/usr/lib/java:.
	java.net.preferIPv4Stack = true
	java.runtime.name = OpenJDK Runtime Environment
	java.runtime.version = 21.0.8
	java.specification.name = Java Platform API Specification
	java.specification.vendor = Oracle Corporation
	java.specification.version = 21
	java.util.logging.manager = org.jboss.logmanager.LogManager
	java.vendor = Homebrew
	java.vendor.url = https://github.com/Homebrew/homebrew-core/issues
	java.vendor.url.bug = https://github.com/Homebrew/homebrew-core/issues
	java.vendor.version = Homebrew
	java.version = 21.0.8
	java.version.date = 2025-07-15
	java.vm.compressedOopsMode = Zero based
	java.vm.info = mixed mode, sharing
	java.vm.name = OpenJDK 64-Bit Server VM
	java.vm.specification.name = Java Virtual Machine Specification
	java.vm.specification.vendor = Oracle Corporation
	java.vm.specification.version = 21
	java.vm.vendor = Homebrew
	java.vm.version = 21.0.8
	javax.management.builder.initial = org.jboss.as.jmx.PluggableMBeanServerBuilder
	jboss.home.dir = /Users/loicnoel/IdeaProjects/typologies/apps/backend/target/server
	jboss.host.name = macbook-pro-de-loic
	jboss.modules.system.pkgs = org.jboss.byteman
	jboss.node.name = macbook-pro-de-loic
	jboss.qualified.host.name = macbook-pro-de-loic.home
	jboss.server.base.dir = /Users/loicnoel/IdeaProjects/typologies/apps/backend/target/server/standalone
	jboss.server.config.dir = /Users/loicnoel/IdeaProjects/typologies/apps/backend/target/server/standalone/configuration
	jboss.server.data.dir = /Users/loicnoel/IdeaProjects/typologies/apps/backend/target/server/standalone/data
	jboss.server.log.dir = /Users/loicnoel/IdeaProjects/typologies/apps/backend/target/server/standalone/log
	jboss.server.name = macbook-pro-de-loic
	jboss.server.persist.config = true
	jboss.server.temp.dir = /Users/loicnoel/IdeaProjects/typologies/apps/backend/target/server/standalone/tmp
	jdk.debug = release
	jdk.serialFilter = maxbytes=10485760;maxdepth=128;maxarray=100000;maxrefs=300000
	line.separator = 

	logging.configuration = file:/Users/loicnoel/IdeaProjects/typologies/apps/backend/target/server/standalone/configuration/logging.properties
	module.path = /Users/loicnoel/IdeaProjects/typologies/apps/backend/target/server/modules
	native.encoding = UTF-8
	org.jboss.boot.log.file = /Users/loicnoel/IdeaProjects/typologies/apps/backend/target/server/standalone/log/server.log
	org.jboss.resolver.warning = true
	os.arch = aarch64
	os.name = Mac OS X
	os.version = 15.6
	path.separator = :
	socksNonProxyHosts = local|*.local|169.254/16|*.169.254/16
	stderr.encoding = UTF-8
	stdout.encoding = UTF-8
	sun.arch.data.model = 64
	sun.boot.library.path = /opt/homebrew/Cellar/openjdk@21/21.0.8/libexec/openjdk.jdk/Contents/Home/lib
	sun.cpu.endian = little
	sun.io.unicode.encoding = UnicodeBig
	sun.java.command = /Users/loicnoel/IdeaProjects/typologies/apps/backend/target/server/jboss-modules.jar -mp /Users/loicnoel/IdeaProjects/typologies/apps/backend/target/server/modules org.jboss.as.standalone -Djboss.home.dir=/Users/loicnoel/IdeaProjects/typologies/apps/backend/target/server -Djboss.server.base.dir=/Users/loicnoel/IdeaProjects/typologies/apps/backend/target/server/standalone
	sun.java.launcher = SUN_STANDARD
	sun.jnu.encoding = UTF-8
	sun.management.compiler = HotSpot 64-Bit Tiered Compilers
	user.country = RE
	user.dir = /Users/loicnoel/IdeaProjects/typologies/apps/backend
	user.home = /Users/loicnoel
	user.language = fr
	user.name = loicnoel
	user.timezone = Indian/Reunion
2025-08-25 09:41:41,052 DEBUG [org.jboss.as.config] (MSC service thread 1-1) VM Arguments: -D[Standalone] -Djdk.serialFilter=maxbytes=10485760;maxdepth=128;maxarray=100000;maxrefs=300000 -Xms64m -Xmx512m -Djava.net.preferIPv4Stack=true -Djboss.modules.system.pkgs=org.jboss.byteman -Djava.awt.headless=true --add-exports=java.desktop/sun.awt=ALL-UNNAMED --add-exports=java.naming/com.sun.jndi.ldap=ALL-UNNAMED --add-exports=java.naming/com.sun.jndi.url.ldap=ALL-UNNAMED --add-exports=java.naming/com.sun.jndi.url.ldaps=ALL-UNNAMED --add-exports=jdk.naming.dns/com.sun.jndi.dns=ALL-UNNAMED --add-opens=java.base/java.lang=ALL-UNNAMED --add-opens=java.base/java.lang.invoke=ALL-UNNAMED --add-opens=java.base/java.lang.reflect=ALL-UNNAMED --add-opens=java.base/java.io=ALL-UNNAMED --add-opens=java.base/java.net=ALL-UNNAMED --add-opens=java.base/java.security=ALL-UNNAMED --add-opens=java.base/java.util=ALL-UNNAMED --add-opens=java.base/java.util.concurrent=ALL-UNNAMED --add-opens=java.management/javax.management=ALL-UNNAMED --add-opens=java.naming/javax.naming=ALL-UNNAMED -Dorg.jboss.boot.log.file=/Users/loicnoel/IdeaProjects/typologies/apps/backend/target/server/standalone/log/server.log -Dlogging.configuration=file:/Users/loicnoel/IdeaProjects/typologies/apps/backend/target/server/standalone/configuration/logging.properties 
2025-08-25 09:41:41,332 INFO  [org.wildfly.security] (Controller Boot Thread) ELY00001: WildFly Elytron version 2.6.4.Final
2025-08-25 09:41:41,476 INFO  [org.jboss.as.server] (Controller Boot Thread) WFLYSRV0039: Creating http management service using socket-binding (management-http)
2025-08-25 09:41:41,481 INFO  [org.xnio] (MSC service thread 1-6) XNIO version 3.8.16.Final
2025-08-25 09:41:41,485 INFO  [org.xnio.nio] (MSC service thread 1-6) XNIO NIO Implementation Version 3.8.16.Final
2025-08-25 09:41:41,495 INFO  [org.jboss.as.clustering.infinispan] (ServerService Thread Pool -- 40) WFLYCLINF0001: Activating Infinispan subsystem.
2025-08-25 09:41:41,496 INFO  [org.wildfly.extension.health] (ServerService Thread Pool -- 39) WFLYHEALTH0001: Activating Base Health Subsystem
2025-08-25 09:41:41,496 INFO  [org.jboss.as.jaxrs] (ServerService Thread Pool -- 42) WFLYRS0016: RESTEasy version 6.2.12.Final
2025-08-25 09:41:41,498 INFO  [org.wildfly.extension.microprofile.config.smallrye] (ServerService Thread Pool -- 48) WFLYCONF0001: Activating MicroProfile Config Subsystem
2025-08-25 09:41:41,499 INFO  [org.wildfly.extension.microprofile.telemetry] (ServerService Thread Pool -- 50) WFLYMPTEL0001: Activating MicroProfile Telemetry Subsystem
2025-08-25 09:41:41,500 INFO  [org.jboss.as.naming] (ServerService Thread Pool -- 51) WFLYNAM0001: Activating Naming Subsystem
2025-08-25 09:41:41,501 WARN  [org.jboss.as.txn] (ServerService Thread Pool -- 57) WFLYTX0013: The node-identifier attribute on the /subsystem=transactions is set to the default value. This is a danger for environments running multiple servers. Please make sure the attribute value is unique.
2025-08-25 09:41:41,503 INFO  [org.wildfly.extension.metrics] (ServerService Thread Pool -- 47) WFLYMETRICS0001: Activating Base Metrics Subsystem
2025-08-25 09:41:41,503 INFO  [org.wildfly.extension.microprofile.health.smallrye] (ServerService Thread Pool -- 49) WFLYMPHEALTH0001: Activating MicroProfile Health Subsystem
2025-08-25 09:41:41,505 INFO  [org.wildfly.extension.io] (ServerService Thread Pool -- 41) WFLYIO001: Worker 'default' has auto-configured to 24 IO threads with 192 max task threads based on your 12 available processors
2025-08-25 09:41:41,505 INFO  [org.jboss.as.connector] (MSC service thread 1-3) WFLYJCA0009: Starting Jakarta Connectors Subsystem (WildFly/IronJacamar 3.0.13.Final)
2025-08-25 09:41:41,506 INFO  [org.jboss.as.server.deployment] (MSC service thread 1-4) WFLYSRV0027: Starting deployment of "ROOT.war" (runtime-name: "ROOT.war")
2025-08-25 09:41:41,515 INFO  [org.jboss.remoting] (MSC service thread 1-3) JBoss Remoting version 5.0.31.Final
2025-08-25 09:41:41,519 INFO  [org.wildfly.extension.undertow] (MSC service thread 1-2) WFLYUT0003: Undertow 2.3.18.Final starting
2025-08-25 09:41:41,520 INFO  [org.jboss.as.naming] (MSC service thread 1-2) WFLYNAM0003: Starting Naming Service
2025-08-25 09:41:41,533 WARN  [org.wildfly.extension.elytron] (MSC service thread 1-1) WFLYELY00023: KeyStore file '/Users/loicnoel/IdeaProjects/typologies/apps/backend/target/server/standalone/configuration/application.keystore' does not exist. Used blank.
2025-08-25 09:41:41,537 WARN  [org.wildfly.extension.elytron] (MSC service thread 1-1) WFLYELY01084: KeyStore /Users/loicnoel/IdeaProjects/typologies/apps/backend/target/server/standalone/configuration/application.keystore not found, it will be auto-generated on first use with a self-signed certificate for host localhost
2025-08-25 09:41:41,540 INFO  [org.wildfly.extension.undertow] (MSC service thread 1-5) WFLYUT0012: Started server default-server.
2025-08-25 09:41:41,541 INFO  [org.wildfly.extension.undertow] (MSC service thread 1-3) Queuing requests.
2025-08-25 09:41:41,542 INFO  [org.wildfly.extension.undertow] (MSC service thread 1-3) WFLYUT0018: Host default-host starting
2025-08-25 09:41:41,571 INFO  [org.jboss.as.server.deployment.scanner] (MSC service thread 1-8) WFLYDS0013: Started FileSystemDeploymentService for directory /Users/loicnoel/IdeaProjects/typologies/apps/backend/target/server/standalone/deployments
2025-08-25 09:41:41,582 WARN  [org.jboss.as.domain.http.api.undertow] (MSC service thread 1-2) WFLYDMHTTP0003: Unable to load console module for slot main, disabling console
2025-08-25 09:41:41,600 INFO  [org.wildfly.extension.undertow] (MSC service thread 1-5) WFLYUT0006: Undertow HTTP listener default listening on 127.0.0.1:8080
2025-08-25 09:41:41,737 INFO  [org.jboss.weld.deployer] (MSC service thread 1-4) WFLYWELD0003: Processing weld deployment ROOT.war
2025-08-25 09:41:41,767 INFO  [org.hibernate.validator.internal.util.Version] (MSC service thread 1-4) HV000001: Hibernate Validator 8.0.2.Final
2025-08-25 09:41:41,848 INFO  [org.jboss.weld.Version] (MSC service thread 1-5) WELD-000900: 5.1.5 (Final)
2025-08-25 09:41:42,201 INFO  [org.jboss.resteasy.resteasy_jaxrs.i18n] (ServerService Thread Pool -- 61) RESTEASY002225: Deploying jakarta.ws.rs.core.Application: class com.typologies.api.GettingStartedApplication
2025-08-25 09:41:42,214 INFO  [org.wildfly.extension.undertow] (ServerService Thread Pool -- 61) WFLYUT0021: Registered web context: '/' for server 'default-server'
2025-08-25 09:41:42,218 INFO  [org.wildfly.extension.metrics] (Controller Boot Thread) WFLYMETRICS0006: Additional metrics systems discovered while configuring WildFly Metrics: OpenTelemetry Metrics. Please refer to the documentation for more information.
2025-08-25 09:41:42,229 INFO  [org.jboss.as.server] (ServerService Thread Pool -- 35) WFLYSRV0010: Deployed "ROOT.war" (runtime-name : "ROOT.war")
2025-08-25 09:41:42,239 INFO  [org.jboss.as.server] (Controller Boot Thread) WFLYSRV0212: Resuming server
2025-08-25 09:41:42,241 INFO  [org.jboss.as] (Controller Boot Thread) WFLYSRV0060: Http management interface listening on http://127.0.0.1:9990/management
2025-08-25 09:41:42,241 INFO  [org.jboss.as] (Controller Boot Thread) WFLYSRV0054: Admin console is not enabled
2025-08-25 09:41:42,241 INFO  [org.jboss.as] (Controller Boot Thread) WFLYSRV0025: WildFly 36.0.1.Final (WildFly Core 28.0.1.Final) started in 1628ms - Started 295 of 376 services (146 services are lazy, passive or on-demand) - Server configuration file in use: standalone.xml - Minimum feature stability level: community
2025-08-25 09:41:53,516 INFO  [org.jboss.as.server] (Thread-1) WFLYSRV0272: Suspending server
2025-08-25 09:41:53,521 INFO  [org.jboss.as.server] (Thread-1) WFLYSRV0220: Server shutdown has been requested via an OS signal
2025-08-25 09:41:53,530 INFO  [org.wildfly.extension.undertow] (MSC service thread 1-1) WFLYUT0008: Undertow HTTP listener default suspending
2025-08-25 09:41:53,530 INFO  [org.wildfly.extension.undertow] (ServerService Thread Pool -- 27) WFLYUT0022: Unregistered web context: '/' from server 'default-server'
2025-08-25 09:41:53,532 INFO  [org.wildfly.extension.undertow] (MSC service thread 1-7) WFLYUT0019: Host default-host stopping
2025-08-25 09:41:53,532 INFO  [org.wildfly.extension.undertow] (MSC service thread 1-1) WFLYUT0007: Undertow HTTP listener default stopped, was bound to 127.0.0.1:8080
2025-08-25 09:41:53,533 INFO  [org.wildfly.extension.undertow] (MSC service thread 1-1) WFLYUT0004: Undertow 2.3.18.Final stopping
2025-08-25 09:41:53,548 INFO  [org.jboss.as.server.deployment] (MSC service thread 1-5) WFLYSRV0028: Stopped deployment ROOT.war (runtime-name: ROOT.war) in 23ms
2025-08-25 09:41:53,552 INFO  [org.jboss.as] (MSC service thread 1-6) WFLYSRV0050: WildFly 36.0.1.Final (WildFly Core 28.0.1.Final) stopped in 27ms
